  Actor.cpp
  BitArray.cpp
  Collision.cpp
  Debug.win32.cpp
  Engine.cpp
  Events.cpp
  FileProcess.cpp
  FixedSizeAllocator.cpp
  FixedSizeAllocatorProxy.cpp
  HashedString.cpp
  HeapManager.cpp
  IJob.cpp
  Input.cpp
  JobRunner.cpp
  JobSystem.cpp
  ListObjects.cpp
  Matrix.cpp
  MatrixSSE.cpp
  Messaging.cpp
  Mutex.cpp
  Compiling...
  Physics.cpp
  Point2.cpp
  Maths.cpp
  PooledString.cpp
  Profiler.cpp
  Renderer.cpp
  Semaphore.cpp
  SharedJobQueue.cpp
  StringPool.cpp
  String_Functions.cpp
  StrongPointer.cpp
  ThreadedFileProcessor.cpp
  TIming.cpp
  Vector3.cpp
  Vector4.cpp
  WeakPointer.cpp
  Engine.vcxproj -> C:\Users\Ajay Sathish\Documents\Game Engineering\u1068959\New folder\GameEngine\MonsterChase\Release\Engine.lib
